<?xml version="1.0" encoding="UTF-8"?>
<!-- Generated by org.testng.reporters.JUnitReportReporter -->
<testsuite skipped="0" hostname="pc-PC" name="com.basic.SumValidation" tests="1" failures="0" timestamp="2020-04-20T21:54:41 IST" time="1.824" errors="0">
  <testcase name="sumOfCourses" time="1.824" classname="com.basic.SumValidation"/>
  <system-out/>
</testsuite> <!-- com.basic.SumValidation -->
