<?xml version="1.0" encoding="UTF-8"?>
<!-- Generated by org.testng.reporters.JUnitReportReporter -->
<testsuite skipped="0" hostname="pc-PC" name="com.basic.DynamicJson" tests="3" failures="0" timestamp="2020-04-21T19:43:01 IST" time="3.529" errors="0">
  <testcase name="addBook" time="0.158" classname="com.basic.DynamicJson"/>
  <system-out/>
  <testcase name="addBook" time="0.147" classname="com.basic.DynamicJson"/>
  <system-out/>
  <testcase name="addBook" time="3.224" classname="com.basic.DynamicJson"/>
  <system-out/>
</testsuite> <!-- com.basic.DynamicJson -->
