<?xml version="1.0" encoding="UTF-8"?>
<!-- Generated by org.testng.reporters.JUnitReportReporter -->
<testsuite skipped="0" hostname="pc-PC" name="com.basic.StaticJson" tests="1" failures="0" timestamp="2020-04-21T19:49:38 IST" time="3.142" errors="0">
  <testcase name="addBook" time="3.142" classname="com.basic.StaticJson"/>
  <system-out/>
</testsuite> <!-- com.basic.StaticJson -->
