<?xml version="1.0" encoding="UTF-8"?>
<!-- Generated by org.testng.reporters.JUnitReportReporter -->
<testsuite skipped="0" hostname="pc-PC" name="com.basic.JiraBasic" tests="1" failures="0" timestamp="2020-04-22T12:03:40 IST" time="3.349" errors="0">
  <testcase name="JiraAPICreateIssue" time="3.349" classname="com.basic.JiraBasic"/>
  <system-out/>
</testsuite> <!-- com.basic.JiraBasic -->
