<?xml version="1.0" encoding="UTF-8"?>
<!-- Generated by org.testng.reporters.JUnitReportReporter -->
<testsuite skipped="0" hostname="AIPL-SEZ-LT-147" name="com.restassured.test.TC01GetRequest" tests="1" failures="0" timestamp="2020-04-12T18:53:15 IST" time="4.525" errors="0">
  <testcase name="getWeatherDetails" time="4.525" classname="com.restassured.test.TC01GetRequest"/>
  <system-out/>
</testsuite> <!-- com.restassured.test.TC01GetRequest -->
