<?xml version="1.0" encoding="UTF-8"?>
<!-- Generated by org.testng.reporters.JUnitReportReporter -->
<testsuite skipped="0" hostname="AIPL-SEZ-LT-147" name="com.datadriven.test.AddNewEmployee2" tests="3" failures="0" timestamp="2020-04-14T20:28:22 IST" time="4.921" errors="0">
  <testcase name="postReqAddNewEmployee" time="2.682" classname="com.datadriven.test.AddNewEmployee2"/>
  <system-out/>
  <testcase name="postReqAddNewEmployee" time="1.049" classname="com.datadriven.test.AddNewEmployee2"/>
  <system-out/>
  <testcase name="postReqAddNewEmployee" time="1.190" classname="com.datadriven.test.AddNewEmployee2"/>
  <system-out/>
</testsuite> <!-- com.datadriven.test.AddNewEmployee2 -->
