<?xml version="1.0" encoding="UTF-8"?>
<!-- Generated by org.testng.reporters.JUnitReportReporter -->
<testsuite skipped="0" hostname="AIPL-SEZ-LT-147" name="com.datadriven.test.AddNewEmployee" tests="1" failures="0" timestamp="2020-04-14T20:07:24 IST" time="3.015" errors="0">
  <testcase name="postReqAddNewEmployee" time="3.015" classname="com.datadriven.test.AddNewEmployee"/>
  <system-out/>
</testsuite> <!-- com.datadriven.test.AddNewEmployee -->
