<?xml version="1.0" encoding="UTF-8"?>
<!-- Generated by org.testng.reporters.JUnitReportReporter -->
<testsuite skipped="0" hostname="AIPL-SEZ-LT-147" name="com.restassured.test.TC05GetRequest_ValidateJSONResponse" tests="1" failures="0" timestamp="2020-04-14T17:03:12 IST" time="2.582" errors="0">
  <testcase name="getWeatherDetails" time="2.582" classname="com.restassured.test.TC05GetRequest_ValidateJSONResponse"/>
  <system-out/>
</testsuite> <!-- com.restassured.test.TC05GetRequest_ValidateJSONResponse -->
