<?xml version="1.0" encoding="UTF-8"?>
<!-- Generated by org.testng.reporters.JUnitReportReporter -->
<testsuite skipped="0" hostname="AIPL-SEZ-LT-147" name="com.restassured.test.TC03GetRequest" tests="1" failures="0" timestamp="2020-04-12T22:26:54 IST" time="2.422" errors="0">
  <testcase name="googleMapTest" time="2.422" classname="com.restassured.test.TC03GetRequest"/>
  <system-out/>
</testsuite> <!-- com.restassured.test.TC03GetRequest -->
