<?xml version="1.0" encoding="UTF-8"?>
<!-- Generated by org.testng.reporters.JUnitReportReporter -->
<testsuite skipped="0" hostname="AIPL-SEZ-LT-147" name="com.restassured.test.TC06GetRequest_ExtractValuesOfEachNodeInJSON" tests="1" failures="0" timestamp="2020-04-14T17:24:00 IST" time="2.985" errors="0">
  <testcase name="getWeatherDetails" time="2.985" classname="com.restassured.test.TC06GetRequest_ExtractValuesOfEachNodeInJSON"/>
  <system-out/>
</testsuite> <!-- com.restassured.test.TC06GetRequest_ExtractValuesOfEachNodeInJSON -->
