<?xml version="1.0" encoding="UTF-8"?>
<!-- Generated by org.testng.reporters.JUnitReportReporter -->
<testsuite skipped="0" hostname="AIPL-SEZ-LT-147" name="com.restassured.test.TC04GetRequest_PrintAllHeaders" tests="1" failures="0" timestamp="2020-04-14T16:04:44 IST" time="3.322" errors="0">
  <testcase name="googleMapTest" time="3.322" classname="com.restassured.test.TC04GetRequest_PrintAllHeaders"/>
  <system-out/>
</testsuite> <!-- com.restassured.test.TC04GetRequest_PrintAllHeaders -->
