<?xml version="1.0" encoding="UTF-8"?>
<!-- Generated by org.testng.reporters.JUnitReportReporter -->
<testsuite skipped="0" hostname="AIPL-SEZ-LT-147" name="com.restassured.test.TC07GetRequest_Autherization" tests="1" failures="0" timestamp="2020-04-14T17:47:29 IST" time="2.208" errors="0">
  <testcase name="autherizationTest" time="2.208" classname="com.restassured.test.TC07GetRequest_Autherization"/>
  <system-out/>
</testsuite> <!-- com.restassured.test.TC07GetRequest_Autherization -->
