<?xml version="1.0" encoding="UTF-8"?>
<!-- Generated by org.testng.reporters.JUnitReportReporter -->
<testsuite skipped="0" hostname="AIPL-SEZ-LT-147" name="com.restassured.test.TC02PostRequest" tests="1" failures="0" timestamp="2020-04-12T19:48:11 IST" time="3.186" errors="0">
  <testcase name="registrationSuccessfull" time="3.186" classname="com.restassured.test.TC02PostRequest"/>
  <system-out/>
</testsuite> <!-- com.restassured.test.TC02PostRequest -->
